MSBuild version 17.8.0-preview-23379-01+e2e438ef4 for .NET
  Determining projects to restore...
  All projects are up-to-date for restore.
  Microsoft.Analyzers.Extra -> C:\src\dotnet\extensions\artifacts\bin\Microsoft.Analyzers.Extra\Debug\netstandard2.0\Microsoft.Analyzers.Extra.dll
  Microsoft.Analyzers.Local -> C:\src\dotnet\extensions\artifacts\bin\Microsoft.Analyzers.Local\Debug\netstandard2.0\Microsoft.Analyzers.Local.dll
  Microsoft.Extensions.Compliance.Abstractions -> C:\src\dotnet\extensions\artifacts\bin\Microsoft.Extensions.Compliance.Abstractions\Debug\net462\Microsoft.Extensions.Compliance.Abstractions.dll
  Microsoft.Extensions.Compliance.Abstractions -> C:\src\dotnet\extensions\artifacts\bin\Microsoft.Extensions.Compliance.Abstractions\Debug\netcoreapp3.1\Microsoft.Extensions.Compliance.Abstractions.dll
C:\src\dotnet\extensions\src\Libraries\Microsoft.Extensions.Compliance.Redaction\XXHash3RedactorOptionsValidator.cs(8,1): warning SYSLIB1203: Type Microsoft.Extensions.Compliance.Redaction.XXHash3RedactorOptions has no fields or properties to validate, referenced by type Microsoft.Extensions.Compliance.Redaction.XXHash3RedactorOptionsValidator. [C:\src\dotnet\extensions\src\Libraries\Microsoft.Extensions.Compliance.Redaction\Microsoft.Extensions.Compliance.Redaction.csproj::TargetFramework=net462]
C:\src\dotnet\extensions\src\Libraries\Microsoft.Extensions.Compliance.Redaction\XXHash3RedactorOptionsValidator.cs(9,23): error CS0260: Missing partial modifier on declaration of type 'XXHash3RedactorOptionsValidator'; another partial declaration of this type exists [C:\src\dotnet\extensions\src\Libraries\Microsoft.Extensions.Compliance.Redaction\Microsoft.Extensions.Compliance.Redaction.csproj::TargetFramework=net462]
C:\src\dotnet\extensions\src\Libraries\Microsoft.Extensions.Compliance.Redaction\XXHash3RedactorOptions.cs(26,6): error CS0246: The type or namespace name 'DeniedValuesAttribute' could not be found (are you missing a using directive or an assembly reference?) [C:\src\dotnet\extensions\src\Libraries\Microsoft.Extensions.Compliance.Redaction\Microsoft.Extensions.Compliance.Redaction.csproj::TargetFramework=net462]
C:\src\dotnet\extensions\src\Libraries\Microsoft.Extensions.Compliance.Redaction\XXHash3RedactorOptions.cs(26,6): error CS0246: The type or namespace name 'DeniedValues' could not be found (are you missing a using directive or an assembly reference?) [C:\src\dotnet\extensions\src\Libraries\Microsoft.Extensions.Compliance.Redaction\Microsoft.Extensions.Compliance.Redaction.csproj::TargetFramework=net462]
C:\src\dotnet\extensions\src\Libraries\Microsoft.Extensions.Compliance.Redaction\XXHash3RedactorOptionsValidator.cs(9,57): error CS0535: 'XXHash3RedactorOptionsValidator' does not implement interface member 'IValidateOptions<XXHash3RedactorOptions>.Validate(string?, XXHash3RedactorOptions)' [C:\src\dotnet\extensions\src\Libraries\Microsoft.Extensions.Compliance.Redaction\Microsoft.Extensions.Compliance.Redaction.csproj::TargetFramework=net462]
  Microsoft.Extensions.Compliance.Abstractions -> C:\src\dotnet\extensions\artifacts\bin\Microsoft.Extensions.Compliance.Abstractions\Debug\net8.0\Microsoft.Extensions.Compliance.Abstractions.dll
C:\src\dotnet\extensions\src\Libraries\Microsoft.Extensions.Compliance.Redaction\XXHash3RedactorOptionsValidator.cs(8,1): warning SYSLIB1203: Type Microsoft.Extensions.Compliance.Redaction.XXHash3RedactorOptions has no fields or properties to validate, referenced by type Microsoft.Extensions.Compliance.Redaction.XXHash3RedactorOptionsValidator. [C:\src\dotnet\extensions\src\Libraries\Microsoft.Extensions.Compliance.Redaction\Microsoft.Extensions.Compliance.Redaction.csproj::TargetFramework=netcoreapp3.1]
C:\src\dotnet\extensions\src\Libraries\Microsoft.Extensions.Compliance.Redaction\XXHash3RedactorOptionsValidator.cs(9,23): error CS0260: Missing partial modifier on declaration of type 'XXHash3RedactorOptionsValidator'; another partial declaration of this type exists [C:\src\dotnet\extensions\src\Libraries\Microsoft.Extensions.Compliance.Redaction\Microsoft.Extensions.Compliance.Redaction.csproj::TargetFramework=netcoreapp3.1]
C:\src\dotnet\extensions\src\Libraries\Microsoft.Extensions.Compliance.Redaction\XXHash3RedactorOptions.cs(26,6): error CS0246: The type or namespace name 'DeniedValuesAttribute' could not be found (are you missing a using directive or an assembly reference?) [C:\src\dotnet\extensions\src\Libraries\Microsoft.Extensions.Compliance.Redaction\Microsoft.Extensions.Compliance.Redaction.csproj::TargetFramework=netcoreapp3.1]
C:\src\dotnet\extensions\src\Libraries\Microsoft.Extensions.Compliance.Redaction\XXHash3RedactorOptions.cs(26,6): error CS0246: The type or namespace name 'DeniedValues' could not be found (are you missing a using directive or an assembly reference?) [C:\src\dotnet\extensions\src\Libraries\Microsoft.Extensions.Compliance.Redaction\Microsoft.Extensions.Compliance.Redaction.csproj::TargetFramework=netcoreapp3.1]
C:\src\dotnet\extensions\src\Libraries\Microsoft.Extensions.Compliance.Redaction\XXHash3RedactorOptionsValidator.cs(9,57): error CS0535: 'XXHash3RedactorOptionsValidator' does not implement interface member 'IValidateOptions<XXHash3RedactorOptions>.Validate(string?, XXHash3RedactorOptions)' [C:\src\dotnet\extensions\src\Libraries\Microsoft.Extensions.Compliance.Redaction\Microsoft.Extensions.Compliance.Redaction.csproj::TargetFramework=netcoreapp3.1]
CSC : warning CS8785: Generator 'Generator' failed to generate source. It will not contribute to the output and compilation errors may occur as a result. Exception was of type 'InvalidOperationException' with message 'TypedConstant is an array. Use Values property.' [C:\src\dotnet\extensions\src\Libraries\Microsoft.Extensions.Compliance.Redaction\Microsoft.Extensions.Compliance.Redaction.csproj::TargetFramework=net8.0]
C:\src\dotnet\extensions\src\Libraries\Microsoft.Extensions.Compliance.Redaction\XXHash3RedactorOptionsValidator.cs(9,57): error CS0535: 'XXHash3RedactorOptionsValidator' does not implement interface member 'IValidateOptions<XXHash3RedactorOptions>.Validate(string?, XXHash3RedactorOptions)' [C:\src\dotnet\extensions\src\Libraries\Microsoft.Extensions.Compliance.Redaction\Microsoft.Extensions.Compliance.Redaction.csproj::TargetFramework=net8.0]

Build FAILED.

C:\src\dotnet\extensions\src\Libraries\Microsoft.Extensions.Compliance.Redaction\XXHash3RedactorOptions.cs(26,6): error CS0246: The type or namespace name 'DeniedValues' could not be found (are you missing a using directive or an assembly reference?) [C:\src\dotnet\extensions\src\Libraries\Microsoft.Extensions.Compliance.Redaction\Microsoft.Extensions.Compliance.Redaction.csproj::TargetFramework=net462]
C:\src\dotnet\extensions\src\Libraries\Microsoft.Extensions.Compliance.Redaction\XXHash3RedactorOptions.cs(26,6): error CS0246: The type or namespace name 'DeniedValues' could not be found (are you missing a using directive or an assembly reference?) [C:\src\dotnet\extensions\src\Libraries\Microsoft.Extensions.Compliance.Redaction\Microsoft.Extensions.Compliance.Redaction.csproj::TargetFramework=netcoreapp3.1]
C:\src\dotnet\extensions\src\Libraries\Microsoft.Extensions.Compliance.Redaction\XXHash3RedactorOptions.cs(26,6): error CS0246: The type or namespace name 'DeniedValuesAttribute' could not be found (are you missing a using directive or an assembly reference?) [C:\src\dotnet\extensions\src\Libraries\Microsoft.Extensions.Compliance.Redaction\Microsoft.Extensions.Compliance.Redaction.csproj::TargetFramework=net462]
C:\src\dotnet\extensions\src\Libraries\Microsoft.Extensions.Compliance.Redaction\XXHash3RedactorOptions.cs(26,6): error CS0246: The type or namespace name 'DeniedValuesAttribute' could not be found (are you missing a using directive or an assembly reference?) [C:\src\dotnet\extensions\src\Libraries\Microsoft.Extensions.Compliance.Redaction\Microsoft.Extensions.Compliance.Redaction.csproj::TargetFramework=netcoreapp3.1]

C:\src\dotnet\extensions\src\Libraries\Microsoft.Extensions.Compliance.Redaction\XXHash3RedactorOptionsValidator.cs(8,1): warning SYSLIB1203: Type Microsoft.Extensions.Compliance.Redaction.XXHash3RedactorOptions has no fields or properties to validate, referenced by type Microsoft.Extensions.Compliance.Redaction.XXHash3RedactorOptionsValidator. [C:\src\dotnet\extensions\src\Libraries\Microsoft.Extensions.Compliance.Redaction\Microsoft.Extensions.Compliance.Redaction.csproj::TargetFramework=net462]
C:\src\dotnet\extensions\src\Libraries\Microsoft.Extensions.Compliance.Redaction\XXHash3RedactorOptionsValidator.cs(8,1): warning SYSLIB1203: Type Microsoft.Extensions.Compliance.Redaction.XXHash3RedactorOptions has no fields or properties to validate, referenced by type Microsoft.Extensions.Compliance.Redaction.XXHash3RedactorOptionsValidator. [C:\src\dotnet\extensions\src\Libraries\Microsoft.Extensions.Compliance.Redaction\Microsoft.Extensions.Compliance.Redaction.csproj::TargetFramework=netcoreapp3.1]

C:\src\dotnet\extensions\src\Libraries\Microsoft.Extensions.Compliance.Redaction\XXHash3RedactorOptionsValidator.cs(9,23): error CS0260: Missing partial modifier on declaration of type 'XXHash3RedactorOptionsValidator'; another partial declaration of this type exists [C:\src\dotnet\extensions\src\Libraries\Microsoft.Extensions.Compliance.Redaction\Microsoft.Extensions.Compliance.Redaction.csproj::TargetFramework=net462]
C:\src\dotnet\extensions\src\Libraries\Microsoft.Extensions.Compliance.Redaction\XXHash3RedactorOptionsValidator.cs(9,23): error CS0260: Missing partial modifier on declaration of type 'XXHash3RedactorOptionsValidator'; another partial declaration of this type exists [C:\src\dotnet\extensions\src\Libraries\Microsoft.Extensions.Compliance.Redaction\Microsoft.Extensions.Compliance.Redaction.csproj::TargetFramework=netcoreapp3.1]
C:\src\dotnet\extensions\src\Libraries\Microsoft.Extensions.Compliance.Redaction\XXHash3RedactorOptionsValidator.cs(9,57): error CS0535: 'XXHash3RedactorOptionsValidator' does not implement interface member 'IValidateOptions<XXHash3RedactorOptions>.Validate(string?, XXHash3RedactorOptions)' [C:\src\dotnet\extensions\src\Libraries\Microsoft.Extensions.Compliance.Redaction\Microsoft.Extensions.Compliance.Redaction.csproj::TargetFramework=net462]
C:\src\dotnet\extensions\src\Libraries\Microsoft.Extensions.Compliance.Redaction\XXHash3RedactorOptionsValidator.cs(9,57): error CS0535: 'XXHash3RedactorOptionsValidator' does not implement interface member 'IValidateOptions<XXHash3RedactorOptions>.Validate(string?, XXHash3RedactorOptions)' [C:\src\dotnet\extensions\src\Libraries\Microsoft.Extensions.Compliance.Redaction\Microsoft.Extensions.Compliance.Redaction.csproj::TargetFramework=net8.0]
C:\src\dotnet\extensions\src\Libraries\Microsoft.Extensions.Compliance.Redaction\XXHash3RedactorOptionsValidator.cs(9,57): error CS0535: 'XXHash3RedactorOptionsValidator' does not implement interface member 'IValidateOptions<XXHash3RedactorOptions>.Validate(string?, XXHash3RedactorOptions)' [C:\src\dotnet\extensions\src\Libraries\Microsoft.Extensions.Compliance.Redaction\Microsoft.Extensions.Compliance.Redaction.csproj::TargetFramework=netcoreapp3.1]
CSC : warning CS8785: Generator 'Generator' failed to generate source. It will not contribute to the output and compilation errors may occur as a result. Exception was of type 'InvalidOperationException' with message 'TypedConstant is an array. Use Values property.' [C:\src\dotnet\extensions\src\Libraries\Microsoft.Extensions.Compliance.Redaction\Microsoft.Extensions.Compliance.Redaction.csproj::TargetFramework=net8.0]
    3 Warning(s)
    9 Error(s)

Time Elapsed 00:00:02.27
